  main.cpp
D:\Documentos\GitHub\Visualizador-de-Imagem\trab_1_mauren\src\Botao.h(16,17): warning C4996: 'strcpy': This function or variable may be unsafe. Consider using strcpy_s instead. To disable deprecation, use _CRT_SECURE_NO_WARNINGS. See online help for details.
D:\Documentos\GitHub\Visualizador-de-Imagem\trab_1_mauren\src\Botao.h(21,43): warning C4244: 'argumento': conversão de 'int' para 'float', possível perda de dados
D:\Documentos\GitHub\Visualizador-de-Imagem\trab_1_mauren\src\Botao.h(21,40): warning C4244: 'argumento': conversão de 'int' para 'float', possível perda de dados
D:\Documentos\GitHub\Visualizador-de-Imagem\trab_1_mauren\src\Draw.h(37,104): warning C4244: 'argumento': conversão de 'double' para 'float', possível perda de dados
D:\Documentos\GitHub\Visualizador-de-Imagem\trab_1_mauren\src\Draw.h(37,75): warning C4244: 'argumento': conversão de 'double' para 'float', possível perda de dados
D:\Documentos\GitHub\Visualizador-de-Imagem\trab_1_mauren\src\Draw.h(37,46): warning C4244: 'argumento': conversão de 'double' para 'float', possível perda de dados
D:\Documentos\GitHub\Visualizador-de-Imagem\trab_1_mauren\src\Draw.h(39,68): warning C4244: 'argumento': conversão de 'int' para 'float', possível perda de dados
D:\Documentos\GitHub\Visualizador-de-Imagem\trab_1_mauren\src\Draw.h(39,57): warning C4244: 'argumento': conversão de 'int' para 'float', possível perda de dados
D:\Documentos\GitHub\Visualizador-de-Imagem\trab_1_mauren\src\Draw.h(39,45): warning C4244: 'argumento': conversão de 'int' para 'float', possível perda de dados
D:\Documentos\GitHub\Visualizador-de-Imagem\trab_1_mauren\src\Draw.h(39,36): warning C4244: 'argumento': conversão de 'int' para 'float', possível perda de dados
D:\Documentos\GitHub\Visualizador-de-Imagem\trab_1_mauren\src\Draw.h(52,46): warning C4244: 'argumento': conversão de 'double' para 'float', possível perda de dados
D:\Documentos\GitHub\Visualizador-de-Imagem\trab_1_mauren\src\Draw.h(54,68): warning C4244: 'argumento': conversão de 'int' para 'float', possível perda de dados
D:\Documentos\GitHub\Visualizador-de-Imagem\trab_1_mauren\src\Draw.h(54,57): warning C4244: 'argumento': conversão de 'int' para 'float', possível perda de dados
D:\Documentos\GitHub\Visualizador-de-Imagem\trab_1_mauren\src\Draw.h(54,45): warning C4244: 'argumento': conversão de 'int' para 'float', possível perda de dados
D:\Documentos\GitHub\Visualizador-de-Imagem\trab_1_mauren\src\Draw.h(54,36): warning C4244: 'argumento': conversão de 'int' para 'float', possível perda de dados
D:\Documentos\GitHub\Visualizador-de-Imagem\trab_1_mauren\src\Draw.h(66,49): warning C4244: 'argumento': conversão de 'double' para 'float', possível perda de dados
D:\Documentos\GitHub\Visualizador-de-Imagem\trab_1_mauren\src\Draw.h(68,68): warning C4244: 'argumento': conversão de 'int' para 'float', possível perda de dados
D:\Documentos\GitHub\Visualizador-de-Imagem\trab_1_mauren\src\Draw.h(68,57): warning C4244: 'argumento': conversão de 'int' para 'float', possível perda de dados
D:\Documentos\GitHub\Visualizador-de-Imagem\trab_1_mauren\src\Draw.h(68,45): warning C4244: 'argumento': conversão de 'int' para 'float', possível perda de dados
D:\Documentos\GitHub\Visualizador-de-Imagem\trab_1_mauren\src\Draw.h(68,36): warning C4244: 'argumento': conversão de 'int' para 'float', possível perda de dados
D:\Documentos\GitHub\Visualizador-de-Imagem\trab_1_mauren\src\Draw.h(79,52): warning C4244: 'argumento': conversão de 'double' para 'float', possível perda de dados
D:\Documentos\GitHub\Visualizador-de-Imagem\trab_1_mauren\src\Draw.h(81,68): warning C4244: 'argumento': conversão de 'int' para 'float', possível perda de dados
D:\Documentos\GitHub\Visualizador-de-Imagem\trab_1_mauren\src\Draw.h(81,57): warning C4244: 'argumento': conversão de 'int' para 'float', possível perda de dados
D:\Documentos\GitHub\Visualizador-de-Imagem\trab_1_mauren\src\Draw.h(81,45): warning C4244: 'argumento': conversão de 'int' para 'float', possível perda de dados
D:\Documentos\GitHub\Visualizador-de-Imagem\trab_1_mauren\src\Draw.h(81,36): warning C4244: 'argumento': conversão de 'int' para 'float', possível perda de dados
D:\Documentos\GitHub\Visualizador-de-Imagem\trab_1_mauren\src\Draw.h(93,99): warning C4244: '=': conversão de 'double' para 'float', possível perda de dados
D:\Documentos\GitHub\Visualizador-de-Imagem\trab_1_mauren\src\Draw.h(96,68): warning C4244: 'argumento': conversão de 'int' para 'float', possível perda de dados
D:\Documentos\GitHub\Visualizador-de-Imagem\trab_1_mauren\src\Draw.h(96,57): warning C4244: 'argumento': conversão de 'int' para 'float', possível perda de dados
D:\Documentos\GitHub\Visualizador-de-Imagem\trab_1_mauren\src\Draw.h(96,45): warning C4244: 'argumento': conversão de 'int' para 'float', possível perda de dados
D:\Documentos\GitHub\Visualizador-de-Imagem\trab_1_mauren\src\Draw.h(96,36): warning C4244: 'argumento': conversão de 'int' para 'float', possível perda de dados
D:\Documentos\GitHub\Visualizador-de-Imagem\trab_1_mauren\src\Draw.h(107,104): warning C4244: 'argumento': conversão de 'double' para 'float', possível perda de dados
D:\Documentos\GitHub\Visualizador-de-Imagem\trab_1_mauren\src\Draw.h(107,75): warning C4244: 'argumento': conversão de 'double' para 'float', possível perda de dados
D:\Documentos\GitHub\Visualizador-de-Imagem\trab_1_mauren\src\Draw.h(107,46): warning C4244: 'argumento': conversão de 'double' para 'float', possível perda de dados
D:\Documentos\GitHub\Visualizador-de-Imagem\trab_1_mauren\src\Draw.h(109,68): warning C4244: 'argumento': conversão de 'int' para 'float', possível perda de dados
D:\Documentos\GitHub\Visualizador-de-Imagem\trab_1_mauren\src\Draw.h(109,57): warning C4244: 'argumento': conversão de 'int' para 'float', possível perda de dados
D:\Documentos\GitHub\Visualizador-de-Imagem\trab_1_mauren\src\Draw.h(109,45): warning C4244: 'argumento': conversão de 'int' para 'float', possível perda de dados
D:\Documentos\GitHub\Visualizador-de-Imagem\trab_1_mauren\src\Draw.h(109,36): warning C4244: 'argumento': conversão de 'int' para 'float', possível perda de dados
D:\Documentos\GitHub\Visualizador-de-Imagem\trab_1_mauren\src\Histograma.h(19,16): warning C4244: '=': conversão de 'float' para 'int', possível perda de dados
D:\Documentos\GitHub\Visualizador-de-Imagem\trab_1_mauren\src\Histograma.h(20,16): warning C4244: '=': conversão de 'float' para 'int', possível perda de dados
D:\Documentos\GitHub\Visualizador-de-Imagem\trab_1_mauren\src\Histograma.h(47,34): warning C4244: 'argumento': conversão de 'int' para 'float', possível perda de dados
D:\Documentos\GitHub\Visualizador-de-Imagem\trab_1_mauren\src\Histograma.h(47,26): warning C4244: 'argumento': conversão de 'int' para 'float', possível perda de dados
D:\Documentos\GitHub\Visualizador-de-Imagem\trab_1_mauren\src\Histograma.h(47,24): warning C4244: 'argumento': conversão de 'int' para 'float', possível perda de dados
D:\Documentos\GitHub\Visualizador-de-Imagem\trab_1_mauren\src\Histograma.h(47,22): warning C4244: 'argumento': conversão de 'int' para 'float', possível perda de dados
D:\Documentos\GitHub\Visualizador-de-Imagem\trab_1_mauren\src\Histograma.h(50,29): warning C4244: 'argumento': conversão de 'int' para 'float', possível perda de dados
D:\Documentos\GitHub\Visualizador-de-Imagem\trab_1_mauren\src\Histograma.h(50,26): warning C4244: 'argumento': conversão de 'int' para 'float', possível perda de dados
D:\Documentos\GitHub\Visualizador-de-Imagem\trab_1_mauren\src\Histograma.h(50,24): warning C4244: 'argumento': conversão de 'int' para 'float', possível perda de dados
D:\Documentos\GitHub\Visualizador-de-Imagem\trab_1_mauren\src\Histograma.h(50,22): warning C4244: 'argumento': conversão de 'int' para 'float', possível perda de dados
D:\Documentos\GitHub\Visualizador-de-Imagem\trab_1_mauren\src\Histograma.h(52,29): warning C4244: 'argumento': conversão de 'int' para 'float', possível perda de dados
D:\Documentos\GitHub\Visualizador-de-Imagem\trab_1_mauren\src\Histograma.h(52,26): warning C4244: 'argumento': conversão de 'int' para 'float', possível perda de dados
D:\Documentos\GitHub\Visualizador-de-Imagem\trab_1_mauren\src\Histograma.h(52,24): warning C4244: 'argumento': conversão de 'int' para 'float', possível perda de dados
D:\Documentos\GitHub\Visualizador-de-Imagem\trab_1_mauren\src\Histograma.h(52,22): warning C4244: 'argumento': conversão de 'int' para 'float', possível perda de dados
D:\Documentos\GitHub\Visualizador-de-Imagem\trab_1_mauren\src\Histograma.h(54,29): warning C4244: 'argumento': conversão de 'int' para 'float', possível perda de dados
D:\Documentos\GitHub\Visualizador-de-Imagem\trab_1_mauren\src\Histograma.h(54,26): warning C4244: 'argumento': conversão de 'int' para 'float', possível perda de dados
D:\Documentos\GitHub\Visualizador-de-Imagem\trab_1_mauren\src\Histograma.h(54,24): warning C4244: 'argumento': conversão de 'int' para 'float', possível perda de dados
D:\Documentos\GitHub\Visualizador-de-Imagem\trab_1_mauren\src\Histograma.h(54,22): warning C4244: 'argumento': conversão de 'int' para 'float', possível perda de dados
D:\Documentos\GitHub\Visualizador-de-Imagem\trab_1_mauren\src\Histograma.h(63,34): warning C4244: 'argumento': conversão de 'int' para 'float', possível perda de dados
D:\Documentos\GitHub\Visualizador-de-Imagem\trab_1_mauren\src\Histograma.h(63,26): warning C4244: 'argumento': conversão de 'int' para 'float', possível perda de dados
D:\Documentos\GitHub\Visualizador-de-Imagem\trab_1_mauren\src\Histograma.h(63,24): warning C4244: 'argumento': conversão de 'int' para 'float', possível perda de dados
D:\Documentos\GitHub\Visualizador-de-Imagem\trab_1_mauren\src\Histograma.h(63,22): warning C4244: 'argumento': conversão de 'int' para 'float', possível perda de dados
D:\Documentos\GitHub\Visualizador-de-Imagem\trab_1_mauren\src\Histograma.h(66,29): warning C4244: 'argumento': conversão de 'int' para 'float', possível perda de dados
D:\Documentos\GitHub\Visualizador-de-Imagem\trab_1_mauren\src\Histograma.h(66,26): warning C4244: 'argumento': conversão de 'int' para 'float', possível perda de dados
D:\Documentos\GitHub\Visualizador-de-Imagem\trab_1_mauren\src\Histograma.h(66,24): warning C4244: 'argumento': conversão de 'int' para 'float', possível perda de dados
D:\Documentos\GitHub\Visualizador-de-Imagem\trab_1_mauren\src\Histograma.h(66,22): warning C4244: 'argumento': conversão de 'int' para 'float', possível perda de dados
D:\Documentos\GitHub\Visualizador-de-Imagem\trab_1_mauren\src\Histograma.h(75,34): warning C4244: 'argumento': conversão de 'int' para 'float', possível perda de dados
D:\Documentos\GitHub\Visualizador-de-Imagem\trab_1_mauren\src\Histograma.h(75,26): warning C4244: 'argumento': conversão de 'int' para 'float', possível perda de dados
D:\Documentos\GitHub\Visualizador-de-Imagem\trab_1_mauren\src\Histograma.h(75,24): warning C4244: 'argumento': conversão de 'int' para 'float', possível perda de dados
D:\Documentos\GitHub\Visualizador-de-Imagem\trab_1_mauren\src\Histograma.h(75,22): warning C4244: 'argumento': conversão de 'int' para 'float', possível perda de dados
D:\Documentos\GitHub\Visualizador-de-Imagem\trab_1_mauren\src\Histograma.h(78,29): warning C4244: 'argumento': conversão de 'int' para 'float', possível perda de dados
D:\Documentos\GitHub\Visualizador-de-Imagem\trab_1_mauren\src\Histograma.h(78,26): warning C4244: 'argumento': conversão de 'int' para 'float', possível perda de dados
D:\Documentos\GitHub\Visualizador-de-Imagem\trab_1_mauren\src\Histograma.h(78,24): warning C4244: 'argumento': conversão de 'int' para 'float', possível perda de dados
D:\Documentos\GitHub\Visualizador-de-Imagem\trab_1_mauren\src\Histograma.h(78,22): warning C4244: 'argumento': conversão de 'int' para 'float', possível perda de dados
D:\Documentos\GitHub\Visualizador-de-Imagem\trab_1_mauren\src\Histograma.h(87,34): warning C4244: 'argumento': conversão de 'int' para 'float', possível perda de dados
D:\Documentos\GitHub\Visualizador-de-Imagem\trab_1_mauren\src\Histograma.h(87,26): warning C4244: 'argumento': conversão de 'int' para 'float', possível perda de dados
D:\Documentos\GitHub\Visualizador-de-Imagem\trab_1_mauren\src\Histograma.h(87,24): warning C4244: 'argumento': conversão de 'int' para 'float', possível perda de dados
D:\Documentos\GitHub\Visualizador-de-Imagem\trab_1_mauren\src\Histograma.h(87,22): warning C4244: 'argumento': conversão de 'int' para 'float', possível perda de dados
D:\Documentos\GitHub\Visualizador-de-Imagem\trab_1_mauren\src\Histograma.h(93,29): warning C4244: 'argumento': conversão de 'int' para 'float', possível perda de dados
D:\Documentos\GitHub\Visualizador-de-Imagem\trab_1_mauren\src\Histograma.h(93,26): warning C4244: 'argumento': conversão de 'int' para 'float', possível perda de dados
D:\Documentos\GitHub\Visualizador-de-Imagem\trab_1_mauren\src\Histograma.h(93,24): warning C4244: 'argumento': conversão de 'int' para 'float', possível perda de dados
D:\Documentos\GitHub\Visualizador-de-Imagem\trab_1_mauren\src\Histograma.h(93,22): warning C4244: 'argumento': conversão de 'int' para 'float', possível perda de dados
D:\Documentos\GitHub\Visualizador-de-Imagem\trab_1_mauren\src\Histograma.h(102,34): warning C4244: 'argumento': conversão de 'int' para 'float', possível perda de dados
D:\Documentos\GitHub\Visualizador-de-Imagem\trab_1_mauren\src\Histograma.h(102,26): warning C4244: 'argumento': conversão de 'int' para 'float', possível perda de dados
D:\Documentos\GitHub\Visualizador-de-Imagem\trab_1_mauren\src\Histograma.h(102,24): warning C4244: 'argumento': conversão de 'int' para 'float', possível perda de dados
D:\Documentos\GitHub\Visualizador-de-Imagem\trab_1_mauren\src\Histograma.h(102,22): warning C4244: 'argumento': conversão de 'int' para 'float', possível perda de dados
D:\Documentos\GitHub\Visualizador-de-Imagem\trab_1_mauren\src\Histograma.h(104,61): warning C4244: '=': conversão de 'double' para 'int', possível perda de dados
D:\Documentos\GitHub\Visualizador-de-Imagem\trab_1_mauren\src\Histograma.h(109,29): warning C4244: 'argumento': conversão de 'int' para 'float', possível perda de dados
D:\Documentos\GitHub\Visualizador-de-Imagem\trab_1_mauren\src\Histograma.h(109,26): warning C4244: 'argumento': conversão de 'int' para 'float', possível perda de dados
D:\Documentos\GitHub\Visualizador-de-Imagem\trab_1_mauren\src\Histograma.h(109,24): warning C4244: 'argumento': conversão de 'int' para 'float', possível perda de dados
D:\Documentos\GitHub\Visualizador-de-Imagem\trab_1_mauren\src\Histograma.h(109,22): warning C4244: 'argumento': conversão de 'int' para 'float', possível perda de dados
D:\Documentos\GitHub\Visualizador-de-Imagem\trab_1_mauren\src\main.cpp(59,57): warning C4805: '==': mistura não segura de tipo 'int' e tipo 'bool' em operação
D:\Documentos\GitHub\Visualizador-de-Imagem\trab_1_mauren\src\main.cpp(69,34): warning C4244: 'argumento': conversão de 'int' para 'float', possível perda de dados
D:\Documentos\GitHub\Visualizador-de-Imagem\trab_1_mauren\src\main.cpp(69,22): warning C4244: 'argumento': conversão de 'int' para 'float', possível perda de dados
  Visualizador de Imagem.vcxproj -> D:\Documentos\GitHub\Visualizador-de-Imagem\trab_1_mauren\Debug\Visualizador de Imagem.exe
